[ 2014-11-12T23:02:28+08:00 ] 175.8.228.16 /Public/image/ditu_tb.png
INFO: [ route_check ] --START--
INFO: CheckRoute Behavior ::run [ RunTime:0.013448s ]
INFO: [ route_check ] --END-- [ RunTime:0.013535s ]
INFO: [ app_begin ] --START--
INFO: ReadHtmlCache Behavior ::run [ RunTime:0.001992s ]
INFO: [ app_begin ] --END-- [ RunTime:0.002077s ]

[ 2014-11-12T23:02:28+08:00 ] 175.8.228.16 /Public/image/ycp_logo.png
INFO: [ route_check ] --START--
INFO: CheckRoute Behavior ::run [ RunTime:0.000448s ]
INFO: [ route_check ] --END-- [ RunTime:0.000508s ]
INFO: [ app_begin ] --START--
INFO: ReadHtmlCache Behavior ::run [ RunTime:0.000299s ]
INFO: [ app_begin ] --END-- [ RunTime:0.000353s ]

[ 2014-11-12T23:02:28+08:00 ] 175.8.228.16 /Public/image/qwell.png
INFO: [ route_check ] --START--
INFO: CheckRoute Behavior ::run [ RunTime:0.000491s ]
INFO: [ route_check ] --END-- [ RunTime:0.000567s ]
INFO: [ app_begin ] --START--
INFO: ReadHtmlCache Behavior ::run [ RunTime:0.000299s ]
INFO: [ app_begin ] --END-- [ RunTime:0.000352s ]

[ 2014-11-12T23:02:28+08:00 ] 175.8.228.16 /Upload/images/2014_10/28/544f58ba3998c.jpg?w=190&h=205
INFO: [ route_check ] --START--
INFO: CheckRoute Behavior ::run [ RunTime:0.000444s ]
INFO: [ route_check ] --END-- [ RunTime:0.000504s ]
INFO: [ app_begin ] --START--
INFO: ReadHtmlCache Behavior ::run [ RunTime:0.000287s ]
INFO: [ app_begin ] --END-- [ RunTime:0.000339s ]

[ 2014-11-12T23:02:28+08:00 ] 175.8.228.16 /Upload/images/2014_10/28/544f58c93eb10.jpg?w=190&h=205
INFO: [ route_check ] --START--
INFO: CheckRoute Behavior ::run [ RunTime:0.012483s ]
INFO: [ route_check ] --END-- [ RunTime:0.012548s ]
INFO: [ app_begin ] --START--
INFO: ReadHtmlCache Behavior ::run [ RunTime:0.000284s ]
INFO: [ app_begin ] --END-- [ RunTime:0.000337s ]

[ 2014-11-12T23:02:28+08:00 ] 175.8.228.16 /Upload/images/2014_10/28/544f58dc3ac96.jpg?w=190&h=205
INFO: [ route_check ] --START--
INFO: CheckRoute Behavior ::run [ RunTime:0.000445s ]
INFO: [ route_check ] --END-- [ RunTime:0.000509s ]
INFO: [ app_begin ] --START--
INFO: ReadHtmlCache Behavior ::run [ RunTime:0.000288s ]
INFO: [ app_begin ] --END-- [ RunTime:0.000340s ]

[ 2014-11-12T23:02:28+08:00 ] 175.8.228.16 /Upload/images/2014_10/28/544f58e5def66.gif?w=190&h=205
INFO: [ route_check ] --START--
INFO: CheckRoute Behavior ::run [ RunTime:0.000449s ]
INFO: [ route_check ] --END-- [ RunTime:0.000514s ]
INFO: [ app_begin ] --START--
INFO: ReadHtmlCache Behavior ::run [ RunTime:0.000287s ]
INFO: [ app_begin ] --END-- [ RunTime:0.000339s ]

[ 2014-11-12T23:02:28+08:00 ] 175.8.228.16 /Upload/images/2014_10/28/544f58ee0fdd9.jpg?w=190&h=205
INFO: [ route_check ] --START--
INFO: CheckRoute Behavior ::run [ RunTime:0.005859s ]
INFO: [ route_check ] --END-- [ RunTime:0.005917s ]
INFO: [ app_begin ] --START--
INFO: ReadHtmlCache Behavior ::run [ RunTime:0.000287s ]
INFO: [ app_begin ] --END-- [ RunTime:0.000339s ]

[ 2014-11-12T23:02:29+08:00 ] 175.8.228.16 /Public/image/right_banner.png
INFO: [ route_check ] --START--
INFO: CheckRoute Behavior ::run [ RunTime:0.000450s ]
INFO: [ route_check ] --END-- [ RunTime:0.000509s ]
INFO: [ app_begin ] --START--
INFO: ReadHtmlCache Behavior ::run [ RunTime:0.000292s ]
INFO: [ app_begin ] --END-- [ RunTime:0.000345s ]

[ 2014-11-12T23:02:29+08:00 ] 175.8.228.16 /Public/image/recommended_img.png?w=257&h=76
INFO: [ route_check ] --START--
INFO: CheckRoute Behavior ::run [ RunTime:0.000465s ]
INFO: [ route_check ] --END-- [ RunTime:0.000532s ]
INFO: [ app_begin ] --START--
INFO: ReadHtmlCache Behavior ::run [ RunTime:0.000308s ]
INFO: [ app_begin ] --END-- [ RunTime:0.000361s ]

[ 2014-11-12T23:02:29+08:00 ] 175.8.228.16 /Upload/images/2014_10/28/544f58e5def66.gif?h=82&w=82
INFO: [ route_check ] --START--
INFO: CheckRoute Behavior ::run [ RunTime:0.000444s ]
INFO: [ route_check ] --END-- [ RunTime:0.000510s ]
INFO: [ app_begin ] --START--
INFO: ReadHtmlCache Behavior ::run [ RunTime:0.000296s ]
INFO: [ app_begin ] --END-- [ RunTime:0.000348s ]

[ 2014-11-12T23:02:29+08:00 ] 175.8.228.16 /Upload/images/2014_10/28/544f58ee0fdd9.jpg?h=82&w=82
INFO: [ route_check ] --START--
INFO: CheckRoute Behavior ::run [ RunTime:0.000441s ]
INFO: [ route_check ] --END-- [ RunTime:0.000500s ]
INFO: [ app_begin ] --START--
INFO: ReadHtmlCache Behavior ::run [ RunTime:0.000283s ]
INFO: [ app_begin ] --END-- [ RunTime:0.000335s ]

[ 2014-11-12T23:02:29+08:00 ] 175.8.228.16 /Upload/images/2014_10/28/544f58ba3998c.jpg?h=82&w=82
INFO: [ route_check ] --START--
INFO: CheckRoute Behavior ::run [ RunTime:0.000456s ]
INFO: [ route_check ] --END-- [ RunTime:0.000527s ]
INFO: [ app_begin ] --START--
INFO: ReadHtmlCache Behavior ::run [ RunTime:0.000290s ]
INFO: [ app_begin ] --END-- [ RunTime:0.000343s ]

[ 2014-11-12T23:02:29+08:00 ] 175.8.228.16 /Upload/images/2014_11/08/545de047be523.jpg?h=77&w=77
INFO: [ route_check ] --START--
INFO: CheckRoute Behavior ::run [ RunTime:0.000486s ]
INFO: [ route_check ] --END-- [ RunTime:0.000557s ]
INFO: [ app_begin ] --START--
INFO: ReadHtmlCache Behavior ::run [ RunTime:0.000298s ]
INFO: [ app_begin ] --END-- [ RunTime:0.000352s ]

[ 2014-11-12T23:02:29+08:00 ] 175.8.228.16 /Upload/images/2014_10/31/545326e39a7c0.png?h=77&w=77
INFO: [ route_check ] --START--
INFO: CheckRoute Behavior ::run [ RunTime:0.000452s ]
INFO: [ route_check ] --END-- [ RunTime:0.000522s ]
INFO: [ app_begin ] --START--
INFO: ReadHtmlCache Behavior ::run [ RunTime:0.000283s ]
INFO: [ app_begin ] --END-- [ RunTime:0.000336s ]

[ 2014-11-12T23:02:29+08:00 ] 175.8.228.16 /Public/image/erweima.png
INFO: [ route_check ] --START--
INFO: CheckRoute Behavior ::run [ RunTime:0.000449s ]
INFO: [ route_check ] --END-- [ RunTime:0.000510s ]
INFO: [ app_begin ] --START--
INFO: ReadHtmlCache Behavior ::run [ RunTime:0.000285s ]
INFO: [ app_begin ] --END-- [ RunTime:0.000344s ]

[ 2014-11-12T23:02:29+08:00 ] 175.8.228.16 /Upload/images/2014_10/31/54532887b937c.png?h=77&w=77
INFO: [ route_check ] --START--
INFO: CheckRoute Behavior ::run [ RunTime:0.000526s ]
INFO: [ route_check ] --END-- [ RunTime:0.000588s ]
INFO: [ app_begin ] --START--
INFO: ReadHtmlCache Behavior ::run [ RunTime:0.000296s ]
INFO: [ app_begin ] --END-- [ RunTime:0.000349s ]

[ 2014-11-12T23:02:29+08:00 ] 175.8.228.16 /Upload/images/2014_10/31/5453289508cc5.png?h=77&w=77
INFO: [ route_check ] --START--
INFO: CheckRoute Behavior ::run [ RunTime:0.000486s ]
INFO: [ route_check ] --END-- [ RunTime:0.000560s ]
INFO: [ app_begin ] --START--
INFO: ReadHtmlCache Behavior ::run [ RunTime:0.000285s ]
INFO: [ app_begin ] --END-- [ RunTime:0.000343s ]

[ 2014-11-12T23:02:29+08:00 ] 175.8.228.16 /Public/image/iconfont-xingxing.png
INFO: [ route_check ] --START--
INFO: CheckRoute Behavior ::run [ RunTime:0.000448s ]
INFO: [ route_check ] --END-- [ RunTime:0.000507s ]
INFO: [ app_begin ] --START--
INFO: ReadHtmlCache Behavior ::run [ RunTime:0.000295s ]
INFO: [ app_begin ] --END-- [ RunTime:0.000348s ]

[ 2014-11-12T23:02:29+08:00 ] 175.8.228.16 /Public/image/iconfont-pingjia.png
INFO: [ route_check ] --START--
INFO: CheckRoute Behavior ::run [ RunTime:0.000461s ]
INFO: [ route_check ] --END-- [ RunTime:0.000531s ]
INFO: [ app_begin ] --START--
INFO: ReadHtmlCache Behavior ::run [ RunTime:0.000293s ]
INFO: [ app_begin ] --END-- [ RunTime:0.000347s ]

[ 2014-11-12T23:35:24+08:00 ] 175.8.228.16 /
INFO: [ app_begin ] --START--
INFO: ReadHtmlCache Behavior ::run [ RunTime:0.000316s ]
INFO: [ app_begin ] --END-- [ RunTime:0.000388s ]
SQL: SHOW COLUMNS FROM `app_nav` [ RunTime:0.018818s ]
SQL: SELECT * FROM `app_nav` WHERE ( `is_show` = 1 ) ORDER BY `sort` desc  [ RunTime:0.000644s ]
SQL: SHOW COLUMNS FROM `app_article` [ RunTime:0.001048s ]
SQL: SELECT * FROM `app_article` WHERE ( `cate_id` = 1 ) ORDER BY `click` desc LIMIT 3   [ RunTime:0.000634s ]
SQL: SELECT * FROM `app_article` WHERE ( `cate_id` = 2 ) ORDER BY `click` desc LIMIT 3   [ RunTime:0.000743s ]
SQL: SELECT * FROM `app_article` WHERE ( `cate_id` = 3 ) ORDER BY `click` desc LIMIT 3   [ RunTime:0.000643s ]
SQL: SELECT * FROM `app_article` WHERE ( `cate_id` = 4 ) ORDER BY `click` desc LIMIT 3   [ RunTime:0.000628s ]
SQL: SELECT * FROM `app_article` WHERE ( `cate_id` = 5 ) ORDER BY `click` desc LIMIT 3   [ RunTime:0.000667s ]
SQL: SELECT * FROM `app_article` WHERE ( `cate_id` = 6 ) ORDER BY `click` desc LIMIT 3   [ RunTime:0.000796s ]
SQL: SELECT * FROM `app_article` WHERE ( `cate_id` = 7 ) ORDER BY `click` desc LIMIT 3   [ RunTime:0.000664s ]
SQL: SHOW COLUMNS FROM `app_cargoodscate` [ RunTime:0.001047s ]
SQL: SELECT * FROM `app_cargoodscate` ORDER BY `sort` desc  [ RunTime:0.000563s ]
SQL: SHOW COLUMNS FROM `app_adv` [ RunTime:0.001058s ]
SQL: SELECT * FROM `app_adv` WHERE ( `position` = 1 ) LIMIT 1   [ RunTime:0.000573s ]
SQL: SELECT * FROM `app_adv` WHERE ( `id` = 3 ) LIMIT 1   [ RunTime:0.000573s ]
SQL: SELECT * FROM `app_adv` WHERE ( `id` = 4 ) LIMIT 1   [ RunTime:0.000553s ]
SQL: SHOW COLUMNS FROM `app_tipslist` [ RunTime:0.001099s ]
SQL: SELECT * FROM `app_tipslist` WHERE ( `position_id` = 1 )  [ RunTime:0.000661s ]
SQL: SHOW COLUMNS FROM `app_cargoods` [ RunTime:0.001069s ]
SQL: SELECT * FROM `app_cargoods` WHERE ( `id` IN ('1','2','3','4') ) ORDER BY `create_time` desc LIMIT 4   [ RunTime:0.001158s ]
SQL: SHOW COLUMNS FROM `app_type` [ RunTime:0.000975s ]
SQL: SELECT `name` FROM `app_type` WHERE ( `id` = 3 ) LIMIT 1   [ RunTime:0.000524s ]
SQL: SHOW COLUMNS FROM `app_worth` [ RunTime:0.000981s ]
SQL: SELECT COUNT(*) AS tp_count FROM `app_worth` WHERE ( `goods_id` = 4 ) LIMIT 1   [ RunTime:0.000551s ]
SQL: SHOW COLUMNS FROM `app_comment` [ RunTime:0.000979s ]
SQL: SELECT COUNT(*) AS tp_count FROM `app_comment` WHERE ( `goods_id` = 4 ) LIMIT 1   [ RunTime:0.000542s ]
SQL: SHOW COLUMNS FROM `app_collection` [ RunTime:0.001221s ]
SQL: SELECT COUNT(*) AS tp_count FROM `app_collection` WHERE ( `goods_id` = 4 ) LIMIT 1   [ RunTime:0.000550s ]
SQL: SELECT * FROM `app_comment` WHERE ( `goods_id` = 4 )  [ RunTime:0.000589s ]
SQL: SELECT `name` FROM `app_type` WHERE ( `id` = 3 ) LIMIT 1   [ RunTime:0.000577s ]
SQL: SELECT COUNT(*) AS tp_count FROM `app_worth` WHERE ( `goods_id` = 3 ) LIMIT 1   [ RunTime:0.000602s ]
SQL: SELECT COUNT(*) AS tp_count FROM `app_comment` WHERE ( `goods_id` = 3 ) LIMIT 1   [ RunTime:0.000604s ]
SQL: SELECT COUNT(*) AS tp_count FROM `app_collection` WHERE ( `goods_id` = 3 ) LIMIT 1   [ RunTime:0.000787s ]
SQL: SELECT * FROM `app_comment` WHERE ( `goods_id` = 3 )  [ RunTime:0.000806s ]
SQL: SELECT `name` FROM `app_type` WHERE ( `id` = 2 ) LIMIT 1   [ RunTime:0.000728s ]
SQL: SELECT COUNT(*) AS tp_count FROM `app_worth` WHERE ( `goods_id` = 2 ) LIMIT 1   [ RunTime:0.000601s ]
SQL: SELECT COUNT(*) AS tp_count FROM `app_comment` WHERE ( `goods_id` = 2 ) LIMIT 1   [ RunTime:0.000639s ]
SQL: SELECT COUNT(*) AS tp_count FROM `app_collection` WHERE ( `goods_id` = 2 ) LIMIT 1   [ RunTime:0.000666s ]
SQL: SELECT * FROM `app_comment` WHERE ( `goods_id` = 2 )  [ RunTime:0.000606s ]
SQL: SELECT `name` FROM `app_type` WHERE ( `id` = 2 ) LIMIT 1   [ RunTime:0.000646s ]
SQL: SELECT COUNT(*) AS tp_count FROM `app_worth` WHERE ( `goods_id` = 1 ) LIMIT 1   [ RunTime:0.000680s ]
SQL: SELECT COUNT(*) AS tp_count FROM `app_comment` WHERE ( `goods_id` = 1 ) LIMIT 1   [ RunTime:0.000545s ]
SQL: SELECT COUNT(*) AS tp_count FROM `app_collection` WHERE ( `goods_id` = 1 ) LIMIT 1   [ RunTime:0.000509s ]
SQL: SELECT * FROM `app_comment` WHERE ( `goods_id` = 1 )  [ RunTime:0.000544s ]
SQL: SELECT * FROM `app_tipslist` WHERE ( `position_id` = 2 )  [ RunTime:0.000621s ]
SQL: SELECT * FROM `app_cargoods` WHERE ( `id` IN ('1','2','4') ) ORDER BY `create_time` desc LIMIT 2   [ RunTime:0.000857s ]
SQL: SELECT `name` FROM `app_type` WHERE ( `id` = 3 ) LIMIT 1   [ RunTime:0.000488s ]
SQL: SELECT COUNT(*) AS tp_count FROM `app_worth` WHERE ( `goods_id` = 4 ) LIMIT 1   [ RunTime:0.000478s ]
SQL: SELECT COUNT(*) AS tp_count FROM `app_comment` WHERE ( `goods_id` = 4 ) LIMIT 1   [ RunTime:0.000471s ]
SQL: SELECT COUNT(*) AS tp_count FROM `app_collection` WHERE ( `goods_id` = 4 ) LIMIT 1   [ RunTime:0.000442s ]
SQL: SELECT * FROM `app_comment` WHERE ( `goods_id` = 4 )  [ RunTime:0.000499s ]
SQL: SELECT `name` FROM `app_type` WHERE ( `id` = 2 ) LIMIT 1   [ RunTime:0.000503s ]
SQL: SELECT COUNT(*) AS tp_count FROM `app_worth` WHERE ( `goods_id` = 2 ) LIMIT 1   [ RunTime:0.000493s ]
SQL: SELECT COUNT(*) AS tp_count FROM `app_comment` WHERE ( `goods_id` = 2 ) LIMIT 1   [ RunTime:0.000480s ]
SQL: SELECT COUNT(*) AS tp_count FROM `app_collection` WHERE ( `goods_id` = 2 ) LIMIT 1   [ RunTime:0.000482s ]
SQL: SELECT * FROM `app_comment` WHERE ( `goods_id` = 2 )  [ RunTime:0.000520s ]
SQL: SELECT * FROM `app_tipslist` WHERE ( `position_id` = 2 )  [ RunTime:0.000596s ]
SQL: SELECT * FROM `app_cargoods` WHERE ( `id` IN ('1','2','4') ) ORDER BY `create_time` desc LIMIT 3   [ RunTime:0.001042s ]
SQL: SELECT `name` FROM `app_type` WHERE ( `id` = 3 ) LIMIT 1   [ RunTime:0.000493s ]
SQL: SELECT COUNT(*) AS tp_count FROM `app_worth` WHERE ( `goods_id` = 4 ) LIMIT 1   [ RunTime:0.000516s ]
SQL: SELECT COUNT(*) AS tp_count FROM `app_comment` WHERE ( `goods_id` = 4 ) LIMIT 1   [ RunTime:0.000497s ]
SQL: SELECT COUNT(*) AS tp_count FROM `app_collection` WHERE ( `goods_id` = 4 ) LIMIT 1   [ RunTime:0.000497s ]
SQL: SELECT * FROM `app_comment` WHERE ( `goods_id` = 4 )  [ RunTime:0.000561s ]
SQL: SELECT `name` FROM `app_type` WHERE ( `id` = 2 ) LIMIT 1   [ RunTime:0.000498s ]
SQL: SELECT COUNT(*) AS tp_count FROM `app_worth` WHERE ( `goods_id` = 2 ) LIMIT 1   [ RunTime:0.000508s ]
SQL: SELECT COUNT(*) AS tp_count FROM `app_comment` WHERE ( `goods_id` = 2 ) LIMIT 1   [ RunTime:0.000509s ]
SQL: SELECT COUNT(*) AS tp_count FROM `app_collection` WHERE ( `goods_id` = 2 ) LIMIT 1   [ RunTime:0.000524s ]
SQL: SELECT * FROM `app_comment` WHERE ( `goods_id` = 2 )  [ RunTime:0.000554s ]
SQL: SELECT `name` FROM `app_type` WHERE ( `id` = 2 ) LIMIT 1   [ RunTime:0.000512s ]
SQL: SELECT COUNT(*) AS tp_count FROM `app_worth` WHERE ( `goods_id` = 1 ) LIMIT 1   [ RunTime:0.000504s ]
SQL: SELECT COUNT(*) AS tp_count FROM `app_comment` WHERE ( `goods_id` = 1 ) LIMIT 1   [ RunTime:0.000501s ]
SQL: SELECT COUNT(*) AS tp_count FROM `app_collection` WHERE ( `goods_id` = 1 ) LIMIT 1   [ RunTime:0.000485s ]
SQL: SELECT * FROM `app_comment` WHERE ( `goods_id` = 1 )  [ RunTime:0.000514s ]
SQL: SELECT * FROM `app_tipslist` WHERE ( `position_id` = 3 )  [ RunTime:0.000609s ]
SQL: SELECT * FROM `app_cargoods` WHERE ( `id` IN ('1','3','4','5','2') ) ORDER BY `create_time` desc LIMIT 4   [ RunTime:0.000910s ]
SQL: SELECT `name` FROM `app_type` WHERE ( `id` = 3 ) LIMIT 1   [ RunTime:0.000497s ]
SQL: SELECT COUNT(*) AS tp_count FROM `app_worth` WHERE ( `goods_id` = 5 ) LIMIT 1   [ RunTime:0.000539s ]
SQL: SELECT COUNT(*) AS tp_count FROM `app_comment` WHERE ( `goods_id` = 5 ) LIMIT 1   [ RunTime:0.000519s ]
SQL: SELECT COUNT(*) AS tp_count FROM `app_collection` WHERE ( `goods_id` = 5 ) LIMIT 1   [ RunTime:0.000510s ]
SQL: SELECT * FROM `app_comment` WHERE ( `goods_id` = 5 )  [ RunTime:0.000558s ]
SQL: SELECT `name` FROM `app_type` WHERE ( `id` = 3 ) LIMIT 1   [ RunTime:0.000476s ]
SQL: SELECT COUNT(*) AS tp_count FROM `app_worth` WHERE ( `goods_id` = 4 ) LIMIT 1   [ RunTime:0.000463s ]
SQL: SELECT COUNT(*) AS tp_count FROM `app_comment` WHERE ( `goods_id` = 4 ) LIMIT 1   [ RunTime:0.000477s ]
SQL: SELECT COUNT(*) AS tp_count FROM `app_collection` WHERE ( `goods_id` = 4 ) LIMIT 1   [ RunTime:0.000471s ]
SQL: SELECT * FROM `app_comment` WHERE ( `goods_id` = 4 )  [ RunTime:0.000498s ]
SQL: SELECT `name` FROM `app_type` WHERE ( `id` = 3 ) LIMIT 1   [ RunTime:0.000494s ]
SQL: SELECT COUNT(*) AS tp_count FROM `app_worth` WHERE ( `goods_id` = 3 ) LIMIT 1   [ RunTime:0.000511s ]
SQL: SELECT COUNT(*) AS tp_count FROM `app_comment` WHERE ( `goods_id` = 3 ) LIMIT 1   [ RunTime:0.000485s ]
SQL: SELECT COUNT(*) AS tp_count FROM `app_collection` WHERE ( `goods_id` = 3 ) LIMIT 1   [ RunTime:0.000468s ]
SQL: SELECT * FROM `app_comment` WHERE ( `goods_id` = 3 )  [ RunTime:0.000491s ]
SQL: SELECT `name` FROM `app_type` WHERE ( `id` = 2 ) LIMIT 1   [ RunTime:0.000475s ]
SQL: SELECT COUNT(*) AS tp_count FROM `app_worth` WHERE ( `goods_id` = 2 ) LIMIT 1   [ RunTime:0.000481s ]
SQL: SELECT COUNT(*) AS tp_count FROM `app_comment` WHERE ( `goods_id` = 2 ) LIMIT 1   [ RunTime:0.000463s ]
SQL: SELECT COUNT(*) AS tp_count FROM `app_collection` WHERE ( `goods_id` = 2 ) LIMIT 1   [ RunTime:0.000464s ]
SQL: SELECT * FROM `app_comment` WHERE ( `goods_id` = 2 )  [ RunTime:0.000494s ]
SQL: SELECT * FROM `app_tipslist` WHERE ( `position_id` = 4 )  [ RunTime:0.000573s ]
SQL: SELECT * FROM `app_cargoods` WHERE ( `id` IN ('1','2','3','4') ) ORDER BY `create_time` desc LIMIT 4   [ RunTime:0.001128s ]
SQL: SELECT `name` FROM `app_type` WHERE ( `id` = 3 ) LIMIT 1   [ RunTime:0.000470s ]
SQL: SELECT COUNT(*) AS tp_count FROM `app_worth` WHERE ( `goods_id` = 4 ) LIMIT 1   [ RunTime:0.000487s ]
SQL: SELECT COUNT(*) AS tp_count FROM `app_comment` WHERE ( `goods_id` = 4 ) LIMIT 1   [ RunTime:0.000480s ]
SQL: SELECT COUNT(*) AS tp_count FROM `app_collection` WHERE ( `goods_id` = 4 ) LIMIT 1   [ RunTime:0.000491s ]
SQL: SELECT * FROM `app_comment` WHERE ( `goods_id` = 4 )  [ RunTime:0.000886s ]
SQL: SELECT `name` FROM `app_type` WHERE ( `id` = 3 ) LIMIT 1   [ RunTime:0.000486s ]
SQL: SELECT COUNT(*) AS tp_count FROM `app_worth` WHERE ( `goods_id` = 3 ) LIMIT 1   [ RunTime:0.000503s ]
SQL: SELECT COUNT(*) AS tp_count FROM `app_comment` WHERE ( `goods_id` = 3 ) LIMIT 1   [ RunTime:0.000466s ]
SQL: SELECT COUNT(*) AS tp_count FROM `app_collection` WHERE ( `goods_id` = 3 ) LIMIT 1   [ RunTime:0.000467s ]
SQL: SELECT * FROM `app_comment` WHERE ( `goods_id` = 3 )  [ RunTime:0.000522s ]
SQL: SELECT `name` FROM `app_type` WHERE ( `id` = 2 ) LIMIT 1   [ RunTime:0.000470s ]
SQL: SELECT COUNT(*) AS tp_count FROM `app_worth` WHERE ( `goods_id` = 2 ) LIMIT 1   [ RunTime:0.000461s ]
SQL: SELECT COUNT(*) AS tp_count FROM `app_comment` WHERE ( `goods_id` = 2 ) LIMIT 1   [ RunTime:0.000465s ]
SQL: SELECT COUNT(*) AS tp_count FROM `app_collection` WHERE ( `goods_id` = 2 ) LIMIT 1   [ RunTime:0.000461s ]
SQL: SELECT * FROM `app_comment` WHERE ( `goods_id` = 2 )  [ RunTime:0.000484s ]
SQL: SELECT `name` FROM `app_type` WHERE ( `id` = 2 ) LIMIT 1   [ RunTime:0.000474s ]
SQL: SELECT COUNT(*) AS tp_count FROM `app_worth` WHERE ( `goods_id` = 1 ) LIMIT 1   [ RunTime:0.000494s ]
SQL: SELECT COUNT(*) AS tp_count FROM `app_comment` WHERE ( `goods_id` = 1 ) LIMIT 1   [ RunTime:0.000622s ]
SQL: SELECT COUNT(*) AS tp_count FROM `app_collection` WHERE ( `goods_id` = 1 ) LIMIT 1   [ RunTime:0.000465s ]
SQL: SELECT * FROM `app_comment` WHERE ( `goods_id` = 1 )  [ RunTime:0.000503s ]
SQL: SELECT * FROM `app_tipslist` WHERE ( `position_id` = 5 )  [ RunTime:0.000654s ]
SQL: SELECT * FROM `app_cargoods` WHERE ( `id` IN ('6','3','2','1') ) ORDER BY `create_time` desc LIMIT 4   [ RunTime:0.000945s ]
SQL: SELECT `name` FROM `app_type` WHERE ( `id` = 5 ) LIMIT 1   [ RunTime:0.000503s ]
SQL: SELECT COUNT(*) AS tp_count FROM `app_worth` WHERE ( `goods_id` = 6 ) LIMIT 1   [ RunTime:0.000505s ]
SQL: SELECT COUNT(*) AS tp_count FROM `app_comment` WHERE ( `goods_id` = 6 ) LIMIT 1   [ RunTime:0.000502s ]
SQL: SELECT COUNT(*) AS tp_count FROM `app_collection` WHERE ( `goods_id` = 6 ) LIMIT 1   [ RunTime:0.000481s ]
SQL: SELECT * FROM `app_comment` WHERE ( `goods_id` = 6 )  [ RunTime:0.000509s ]
SQL: SELECT `name` FROM `app_type` WHERE ( `id` = 3 ) LIMIT 1   [ RunTime:0.000500s ]
SQL: SELECT COUNT(*) AS tp_count FROM `app_worth` WHERE ( `goods_id` = 3 ) LIMIT 1   [ RunTime:0.000487s ]
SQL: SELECT COUNT(*) AS tp_count FROM `app_comment` WHERE ( `goods_id` = 3 ) LIMIT 1   [ RunTime:0.000478s ]
SQL: SELECT COUNT(*) AS tp_count FROM `app_collection` WHERE ( `goods_id` = 3 ) LIMIT 1   [ RunTime:0.000483s ]
SQL: SELECT * FROM `app_comment` WHERE ( `goods_id` = 3 )  [ RunTime:0.000497s ]
SQL: SELECT `name` FROM `app_type` WHERE ( `id` = 2 ) LIMIT 1   [ RunTime:0.000455s ]
SQL: SELECT COUNT(*) AS tp_count FROM `app_worth` WHERE ( `goods_id` = 2 ) LIMIT 1   [ RunTime:0.000478s ]
SQL: SELECT COUNT(*) AS tp_count FROM `app_comment` WHERE ( `goods_id` = 2 ) LIMIT 1   [ RunTime:0.000488s ]
SQL: SELECT COUNT(*) AS tp_count FROM `app_collection` WHERE ( `goods_id` = 2 ) LIMIT 1   [ RunTime:0.000498s ]
SQL: SELECT * FROM `app_comment` WHERE ( `goods_id` = 2 )  [ RunTime:0.000495s ]
SQL: SELECT `name` FROM `app_type` WHERE ( `id` = 2 ) LIMIT 1   [ RunTime:0.000465s ]
SQL: SELECT COUNT(*) AS tp_count FROM `app_worth` WHERE ( `goods_id` = 1 ) LIMIT 1   [ RunTime:0.000483s ]
SQL: SELECT COUNT(*) AS tp_count FROM `app_comment` WHERE ( `goods_id` = 1 ) LIMIT 1   [ RunTime:0.000479s ]
SQL: SELECT COUNT(*) AS tp_count FROM `app_collection` WHERE ( `goods_id` = 1 ) LIMIT 1   [ RunTime:0.000473s ]
SQL: SELECT * FROM `app_comment` WHERE ( `goods_id` = 1 )  [ RunTime:0.000485s ]
SQL: SELECT * FROM `app_article` WHERE ( `cate_id` = 8 ) ORDER BY `click` asc LIMIT 5   [ RunTime:0.001044s ]
SQL: SELECT * FROM `app_article` WHERE ( `cate_id` = 8 ) ORDER BY `click` desc LIMIT 5   [ RunTime:0.001115s ]
INFO: [ view_parse ] --START--
SQL: SELECT * FROM `app_article` WHERE ( `cate_id` = 5 ) ORDER BY `click` desc LIMIT 3   [ RunTime:0.000732s ]
SQL: SELECT * FROM `app_article` WHERE ( `cate_id` = 6 ) ORDER BY `click` desc LIMIT 3   [ RunTime:0.000613s ]
SQL: SELECT * FROM `app_article` WHERE ( `cate_id` = 7 ) ORDER BY `click` desc LIMIT 3   [ RunTime:0.000644s ]
SQL: SELECT * FROM `fanwe_supplier_location` ORDER BY `total_point` desc LIMIT 4   [ RunTime:0.001200s ]
SQL: SELECT * FROM `app_tipslist` WHERE ( `position_id` = 6 )  [ RunTime:0.000654s ]
SQL: SELECT * FROM `app_cargoods` WHERE ( `id` IN ('1','2','4') ) ORDER BY `create_time` desc LIMIT 4   [ RunTime:0.000979s ]
SQL: SELECT `name` FROM `app_type` WHERE ( `id` = 3 ) LIMIT 1   [ RunTime:0.000617s ]
SQL: SELECT COUNT(*) AS tp_count FROM `app_worth` WHERE ( `goods_id` = 4 ) LIMIT 1   [ RunTime:0.000487s ]
SQL: SELECT COUNT(*) AS tp_count FROM `app_comment` WHERE ( `goods_id` = 4 ) LIMIT 1   [ RunTime:0.000484s ]
SQL: SELECT COUNT(*) AS tp_count FROM `app_collection` WHERE ( `goods_id` = 4 ) LIMIT 1   [ RunTime:0.000481s ]
SQL: SELECT * FROM `app_comment` WHERE ( `goods_id` = 4 )  [ RunTime:0.000479s ]
SQL: SELECT `name` FROM `app_type` WHERE ( `id` = 2 ) LIMIT 1   [ RunTime:0.000593s ]
SQL: SELECT COUNT(*) AS tp_count FROM `app_worth` WHERE ( `goods_id` = 2 ) LIMIT 1   [ RunTime:0.000535s ]
SQL: SELECT COUNT(*) AS tp_count FROM `app_comment` WHERE ( `goods_id` = 2 ) LIMIT 1   [ RunTime:0.000531s ]
SQL: SELECT COUNT(*) AS tp_count FROM `app_collection` WHERE ( `goods_id` = 2 ) LIMIT 1   [ RunTime:0.000525s ]
SQL: SELECT * FROM `app_comment` WHERE ( `goods_id` = 2 )  [ RunTime:0.000517s ]
SQL: SELECT `name` FROM `app_type` WHERE ( `id` = 2 ) LIMIT 1   [ RunTime:0.000507s ]
SQL: SELECT COUNT(*) AS tp_count FROM `app_worth` WHERE ( `goods_id` = 1 ) LIMIT 1   [ RunTime:0.000501s ]
SQL: SELECT COUNT(*) AS tp_count FROM `app_comment` WHERE ( `goods_id` = 1 ) LIMIT 1   [ RunTime:0.000510s ]
SQL: SELECT COUNT(*) AS tp_count FROM `app_collection` WHERE ( `goods_id` = 1 ) LIMIT 1   [ RunTime:0.000512s ]
SQL: SELECT * FROM `app_comment` WHERE ( `goods_id` = 1 )  [ RunTime:0.000510s ]
SQL: SHOW COLUMNS FROM `app_showorder` [ RunTime:0.001188s ]
SQL: SELECT * FROM `app_showorder` ORDER BY `create_time` desc LIMIT 4   [ RunTime:0.000944s ]
SQL: SELECT * FROM `app_tipslist` WHERE ( `position_id` = 5 )  [ RunTime:0.000848s ]
SQL: SELECT * FROM `app_cargoods` WHERE ( `id` IN ('6','3','2','1') ) ORDER BY `create_time` desc LIMIT 9   [ RunTime:0.000971s ]
SQL: SELECT `name` FROM `app_type` WHERE ( `id` = 5 ) LIMIT 1   [ RunTime:0.000831s ]
SQL: SELECT COUNT(*) AS tp_count FROM `app_worth` WHERE ( `goods_id` = 6 ) LIMIT 1   [ RunTime:0.000559s ]
SQL: SELECT COUNT(*) AS tp_count FROM `app_comment` WHERE ( `goods_id` = 6 ) LIMIT 1   [ RunTime:0.000584s ]
SQL: SELECT COUNT(*) AS tp_count FROM `app_collection` WHERE ( `goods_id` = 6 ) LIMIT 1   [ RunTime:0.000553s ]
SQL: SELECT * FROM `app_comment` WHERE ( `goods_id` = 6 )  [ RunTime:0.000525s ]
SQL: SELECT `name` FROM `app_type` WHERE ( `id` = 3 ) LIMIT 1   [ RunTime:0.000496s ]
SQL: SELECT COUNT(*) AS tp_count FROM `app_worth` WHERE ( `goods_id` = 3 ) LIMIT 1   [ RunTime:0.000548s ]
SQL: SELECT COUNT(*) AS tp_count FROM `app_comment` WHERE ( `goods_id` = 3 ) LIMIT 1   [ RunTime:0.000520s ]
SQL: SELECT COUNT(*) AS tp_count FROM `app_collection` WHERE ( `goods_id` = 3 ) LIMIT 1   [ RunTime:0.000530s ]
SQL: SELECT * FROM `app_comment` WHERE ( `goods_id` = 3 )  [ RunTime:0.000551s ]
SQL: SELECT `name` FROM `app_type` WHERE ( `id` = 2 ) LIMIT 1   [ RunTime:0.000528s ]
SQL: SELECT COUNT(*) AS tp_count FROM `app_worth` WHERE ( `goods_id` = 2 ) LIMIT 1   [ RunTime:0.000510s ]
SQL: SELECT COUNT(*) AS tp_count FROM `app_comment` WHERE ( `goods_id` = 2 ) LIMIT 1   [ RunTime:0.000519s ]
SQL: SELECT COUNT(*) AS tp_count FROM `app_collection` WHERE ( `goods_id` = 2 ) LIMIT 1   [ RunTime:0.000522s ]
SQL: SELECT * FROM `app_comment` WHERE ( `goods_id` = 2 )  [ RunTime:0.000533s ]
SQL: SELECT `name` FROM `app_type` WHERE ( `id` = 2 ) LIMIT 1   [ RunTime:0.000510s ]
SQL: SELECT COUNT(*) AS tp_count FROM `app_worth` WHERE ( `goods_id` = 1 ) LIMIT 1   [ RunTime:0.000494s ]
SQL: SELECT COUNT(*) AS tp_count FROM `app_comment` WHERE ( `goods_id` = 1 ) LIMIT 1   [ RunTime:0.000549s ]
SQL: SELECT COUNT(*) AS tp_count FROM `app_collection` WHERE ( `goods_id` = 1 ) LIMIT 1   [ RunTime:0.000508s ]
SQL: SELECT * FROM `app_comment` WHERE ( `goods_id` = 1 )  [ RunTime:0.000534s ]
INFO: ParseTemplate Behavior ::run [ RunTime:0.404204s ]
INFO: [ view_parse ] --END-- [ RunTime:0.404285s ]
INFO: [ view_filter ] --START--
INFO: ContentReplace Behavior ::run [ RunTime:0.002111s ]
INFO: TokenBuild Behavior ::run [ RunTime:0.001536s ]
INFO: WriteHtmlCache Behavior ::run [ RunTime:0.001135s ]
INFO: ShowRuntime Behavior ::run [ RunTime:0.001532s ]
INFO: [ view_filter ] --END-- [ RunTime:0.006463s ]
INFO: [ view_end ] --START--
INFO: ShowPageTrace Behavior ::run [ RunTime:0.001639s ]
INFO: [ view_end ] --END-- [ RunTime:0.001691s ]

[ 2014-11-12T23:35:24+08:00 ] 175.8.228.16 /Public/image/ycp_logo.png
INFO: [ route_check ] --START--
INFO: CheckRoute Behavior ::run [ RunTime:0.000475s ]
INFO: [ route_check ] --END-- [ RunTime:0.000546s ]
INFO: [ app_begin ] --START--
INFO: ReadHtmlCache Behavior ::run [ RunTime:0.000292s ]
INFO: [ app_begin ] --END-- [ RunTime:0.000345s ]

[ 2014-11-12T23:35:24+08:00 ] 175.8.228.16 /Public/image/zc_tx.png?h=50&w=50
INFO: [ route_check ] --START--
INFO: CheckRoute Behavior ::run [ RunTime:0.000471s ]
INFO: [ route_check ] --END-- [ RunTime:0.000547s ]
INFO: [ app_begin ] --START--
INFO: ReadHtmlCache Behavior ::run [ RunTime:0.000292s ]
INFO: [ app_begin ] --END-- [ RunTime:0.000345s ]

[ 2014-11-12T23:35:24+08:00 ] 175.8.228.16 /Upload/images/2014_11/10/5460af135815e.jpg?h=196&w=502
INFO: [ route_check ] --START--
INFO: CheckRoute Behavior ::run [ RunTime:0.000457s ]
INFO: [ route_check ] --END-- [ RunTime:0.000521s ]
INFO: [ app_begin ] --START--
INFO: ReadHtmlCache Behavior ::run [ RunTime:0.000300s ]
INFO: [ app_begin ] --END-- [ RunTime:0.000353s ]

[ 2014-11-12T23:35:24+08:00 ] 175.8.228.16 /Upload/images/2014_10/28/544f58e5def66.gif?w=166&h=120
INFO: [ route_check ] --START--
INFO: CheckRoute Behavior ::run [ RunTime:0.000442s ]
INFO: [ route_check ] --END-- [ RunTime:0.000501s ]
INFO: [ app_begin ] --START--
INFO: ReadHtmlCache Behavior ::run [ RunTime:0.000282s ]
INFO: [ app_begin ] --END-- [ RunTime:0.000335s ]

[ 2014-11-12T23:35:24+08:00 ] 175.8.228.16 /Upload/images/2014_10/28/544f58dc3ac96.jpg?w=166&h=120
INFO: [ route_check ] --START--
INFO: CheckRoute Behavior ::run [ RunTime:0.000515s ]
INFO: [ route_check ] --END-- [ RunTime:0.000578s ]
INFO: [ app_begin ] --START--
INFO: ReadHtmlCache Behavior ::run [ RunTime:0.000288s ]
INFO: [ app_begin ] --END-- [ RunTime:0.000341s ]

[ 2014-11-12T23:35:24+08:00 ] 175.8.228.16 /Public/image/ditu_tb.png
INFO: [ route_check ] --START--
INFO: CheckRoute Behavior ::run [ RunTime:0.000486s ]
INFO: [ route_check ] --END-- [ RunTime:0.000555s ]
INFO: [ app_begin ] --START--
INFO: ReadHtmlCache Behavior ::run [ RunTime:0.000287s ]
INFO: [ app_begin ] --END-- [ RunTime:0.000340s ]

[ 2014-11-12T23:35:24+08:00 ] 175.8.228.16 /Upload/images/2014_10/28/544f58ee0fdd9.jpg?w=166&h=120
INFO: [ route_check ] --START--
INFO: CheckRoute Behavior ::run [ RunTime:0.000523s ]
INFO: [ route_check ] --END-- [ RunTime:0.000596s ]
INFO: [ app_begin ] --START--
INFO: ReadHtmlCache Behavior ::run [ RunTime:0.000315s ]
INFO: [ app_begin ] --END-- [ RunTime:0.000371s ]

[ 2014-11-12T23:35:24+08:00 ] 175.8.228.16 /Upload/images/2014_10/28/544f58dc3ac96.jpg?w=240&h=160
INFO: [ route_check ] --START--
INFO: CheckRoute Behavior ::run [ RunTime:0.000511s ]
INFO: [ route_check ] --END-- [ RunTime:0.000592s ]
INFO: [ app_begin ] --START--
INFO: ReadHtmlCache Behavior ::run [ RunTime:0.000291s ]
INFO: [ app_begin ] --END-- [ RunTime:0.000344s ]

[ 2014-11-12T23:35:24+08:00 ] 175.8.228.16 /Public/image/active_tb.png
INFO: [ route_check ] --START--
INFO: CheckRoute Behavior ::run [ RunTime:0.000537s ]
INFO: [ route_check ] --END-- [ RunTime:0.000648s ]
INFO: [ app_begin ] --START--
INFO: ReadHtmlCache Behavior ::run [ RunTime:0.000291s ]
INFO: [ app_begin ] --END-- [ RunTime:0.000346s ]

[ 2014-11-12T23:35:24+08:00 ] 175.8.228.16 /Upload/images/2014_10/28/544f58ee0fdd9.jpg?w=240&h=160
INFO: [ route_check ] --START--
INFO: CheckRoute Behavior ::run [ RunTime:0.000454s ]
INFO: [ route_check ] --END-- [ RunTime:0.000525s ]
INFO: [ app_begin ] --START--
INFO: ReadHtmlCache Behavior ::run [ RunTime:0.000287s ]
INFO: [ app_begin ] --END-- [ RunTime:0.000343s ]

[ 2014-11-12T23:35:25+08:00 ] 175.8.228.16 /Upload/images/2014_10/28/544f58dc3ac96.jpg?w=100&h=100
INFO: [ route_check ] --START--
INFO: CheckRoute Behavior ::run [ RunTime:0.000444s ]
INFO: [ route_check ] --END-- [ RunTime:0.000508s ]
INFO: [ app_begin ] --START--
INFO: ReadHtmlCache Behavior ::run [ RunTime:0.000295s ]
INFO: [ app_begin ] --END-- [ RunTime:0.000356s ]

[ 2014-11-12T23:35:25+08:00 ] 175.8.228.16 /Upload/images/2014_10/28/544f58ee0fdd9.jpg?w=100&h=100
INFO: [ route_check ] --START--
INFO: CheckRoute Behavior ::run [ RunTime:0.008348s ]
INFO: [ route_check ] --END-- [ RunTime:0.008413s ]
INFO: [ app_begin ] --START--
INFO: ReadHtmlCache Behavior ::run [ RunTime:0.000285s ]
INFO: [ app_begin ] --END-- [ RunTime:0.000368s ]

[ 2014-11-12T23:35:25+08:00 ] 175.8.228.16 /Public/image/pinpailogo.png
INFO: [ route_check ] --START--
INFO: CheckRoute Behavior ::run [ RunTime:0.000482s ]
INFO: [ route_check ] --END-- [ RunTime:0.000565s ]
INFO: [ app_begin ] --START--
INFO: ReadHtmlCache Behavior ::run [ RunTime:0.000350s ]
INFO: [ app_begin ] --END-- [ RunTime:0.000403s ]

[ 2014-11-12T23:35:25+08:00 ] 175.8.228.16 /Upload/images/2014_10/28/544f58dc3ac96.jpg
INFO: [ route_check ] --START--
INFO: CheckRoute Behavior ::run [ RunTime:0.000443s ]
INFO: [ route_check ] --END-- [ RunTime:0.000505s ]
INFO: [ app_begin ] --START--
INFO: ReadHtmlCache Behavior ::run [ RunTime:0.000294s ]
INFO: [ app_begin ] --END-- [ RunTime:0.000346s ]

[ 2014-11-12T23:35:25+08:00 ] 175.8.228.16 /Upload/images/2014_10/28/544f58c93eb10.jpg
INFO: [ route_check ] --START--
INFO: CheckRoute Behavior ::run [ RunTime:0.000452s ]
INFO: [ route_check ] --END-- [ RunTime:0.000512s ]
INFO: [ app_begin ] --START--
INFO: ReadHtmlCache Behavior ::run [ RunTime:0.000303s ]
INFO: [ app_begin ] --END-- [ RunTime:0.000356s ]

[ 2014-11-12T23:35:25+08:00 ] 175.8.228.16 /Upload/images/2014_10/28/544f58e5def66.gif
INFO: [ route_check ] --START--
INFO: CheckRoute Behavior ::run [ RunTime:0.000456s ]
INFO: [ route_check ] --END-- [ RunTime:0.000554s ]
INFO: [ app_begin ] --START--
INFO: ReadHtmlCache Behavior ::run [ RunTime:0.000291s ]
INFO: [ app_begin ] --END-- [ RunTime:0.000343s ]

[ 2014-11-12T23:35:25+08:00 ] 175.8.228.16 /Public/image/recommended_img.png
INFO: [ route_check ] --START--
INFO: CheckRoute Behavior ::run [ RunTime:0.004545s ]
INFO: [ route_check ] --END-- [ RunTime:0.004626s ]
INFO: [ app_begin ] --START--
INFO: ReadHtmlCache Behavior ::run [ RunTime:0.000298s ]
INFO: [ app_begin ] --END-- [ RunTime:0.000354s ]

[ 2014-11-12T23:35:25+08:00 ] 175.8.228.16 /Public/image/active_img_mid.png
INFO: [ route_check ] --START--
INFO: CheckRoute Behavior ::run [ RunTime:0.000459s ]
INFO: [ route_check ] --END-- [ RunTime:0.000540s ]
INFO: [ app_begin ] --START--
INFO: ReadHtmlCache Behavior ::run [ RunTime:0.000312s ]
INFO: [ app_begin ] --END-- [ RunTime:0.000366s ]

[ 2014-11-12T23:35:25+08:00 ] 175.8.228.16 /Public/image/active_tb_th.png
INFO: [ route_check ] --START--
INFO: CheckRoute Behavior ::run [ RunTime:0.000457s ]
INFO: [ route_check ] --END-- [ RunTime:0.000535s ]
INFO: [ app_begin ] --START--
INFO: ReadHtmlCache Behavior ::run [ RunTime:0.000309s ]
INFO: [ app_begin ] --END-- [ RunTime:0.000376s ]

[ 2014-11-12T23:35:25+08:00 ] 175.8.228.16 /Public/image/jia.png
INFO: [ route_check ] --START--
INFO: CheckRoute Behavior ::run [ RunTime:0.000475s ]
INFO: [ route_check ] --END-- [ RunTime:0.000545s ]
INFO: [ app_begin ] --START--
INFO: ReadHtmlCache Behavior ::run [ RunTime:0.000290s ]
INFO: [ app_begin ] --END-- [ RunTime:0.000346s ]

[ 2014-11-12T23:35:26+08:00 ] 175.8.228.16 /Public/image/zhishi.png?w=351&h=184
INFO: [ route_check ] --START--
INFO: CheckRoute Behavior ::run [ RunTime:0.004498s ]
INFO: [ route_check ] --END-- [ RunTime:0.004560s ]
INFO: [ app_begin ] --START--
INFO: ReadHtmlCache Behavior ::run [ RunTime:0.000297s ]
INFO: [ app_begin ] --END-- [ RunTime:0.000351s ]

[ 2014-11-12T23:35:27+08:00 ] 175.8.228.16 /Upload/images/2014_10/28/544f61c4c1ded.jpg
INFO: [ route_check ] --START--
INFO: CheckRoute Behavior ::run [ RunTime:0.000451s ]
INFO: [ route_check ] --END-- [ RunTime:0.000516s ]
INFO: [ app_begin ] --START--
INFO: ReadHtmlCache Behavior ::run [ RunTime:0.000286s ]
INFO: [ app_begin ] --END-- [ RunTime:0.000340s ]

[ 2014-11-12T23:35:27+08:00 ] 175.8.228.16 /Upload/images/2014_10/28/544f58ee0fdd9.jpg
INFO: [ route_check ] --START--
INFO: CheckRoute Behavior ::run [ RunTime:0.000447s ]
INFO: [ route_check ] --END-- [ RunTime:0.000512s ]
INFO: [ app_begin ] --START--
INFO: ReadHtmlCache Behavior ::run [ RunTime:0.000307s ]
INFO: [ app_begin ] --END-- [ RunTime:0.000361s ]

[ 2014-11-12T23:35:28+08:00 ] 175.8.228.16 /Upload/images/2014_10/28/544f61bad1826.jpg
INFO: [ route_check ] --START--
INFO: CheckRoute Behavior ::run [ RunTime:0.000450s ]
INFO: [ route_check ] --END-- [ RunTime:0.000520s ]
INFO: [ app_begin ] --START--
INFO: ReadHtmlCache Behavior ::run [ RunTime:0.000300s ]
INFO: [ app_begin ] --END-- [ RunTime:0.000366s ]

[ 2014-11-12T23:35:28+08:00 ] 175.8.228.16 /Public/image/right_banner.png
INFO: [ route_check ] --START--
INFO: CheckRoute Behavior ::run [ RunTime:0.000462s ]
INFO: [ route_check ] --END-- [ RunTime:0.000532s ]
INFO: [ app_begin ] --START--
INFO: ReadHtmlCache Behavior ::run [ RunTime:0.000342s ]
INFO: [ app_begin ] --END-- [ RunTime:0.000399s ]

[ 2014-11-12T23:35:28+08:00 ] 175.8.228.16 /Upload/images/2014_11/08/545de047be523.jpg?h=77&w=77
INFO: [ route_check ] --START--
INFO: CheckRoute Behavior ::run [ RunTime:0.000471s ]
INFO: [ route_check ] --END-- [ RunTime:0.000540s ]
INFO: [ app_begin ] --START--
INFO: ReadHtmlCache Behavior ::run [ RunTime:0.000325s ]
INFO: [ app_begin ] --END-- [ RunTime:0.000390s ]

[ 2014-11-12T23:35:28+08:00 ] 175.8.228.16 /Upload/images/2014_10/31/54532887b937c.png?h=77&w=77
INFO: [ route_check ] --START--
INFO: CheckRoute Behavior ::run [ RunTime:0.000470s ]
INFO: [ route_check ] --END-- [ RunTime:0.000540s ]
INFO: [ app_begin ] --START--
INFO: ReadHtmlCache Behavior ::run [ RunTime:0.000284s ]
INFO: [ app_begin ] --END-- [ RunTime:0.000337s ]

[ 2014-11-12T23:35:28+08:00 ] 175.8.228.16 /Upload/images/2014_10/31/545326e39a7c0.png?h=77&w=77
INFO: [ route_check ] --START--
INFO: CheckRoute Behavior ::run [ RunTime:0.000446s ]
INFO: [ route_check ] --END-- [ RunTime:0.000513s ]
INFO: [ app_begin ] --START--
INFO: ReadHtmlCache Behavior ::run [ RunTime:0.000297s ]
INFO: [ app_begin ] --END-- [ RunTime:0.000371s ]

[ 2014-11-12T23:35:28+08:00 ] 175.8.228.16 /Upload/images/2014_10/31/5453289508cc5.png?h=77&w=77
INFO: [ route_check ] --START--
INFO: CheckRoute Behavior ::run [ RunTime:0.000455s ]
INFO: [ route_check ] --END-- [ RunTime:0.000526s ]
INFO: [ app_begin ] --START--
INFO: ReadHtmlCache Behavior ::run [ RunTime:0.000286s ]
INFO: [ app_begin ] --END-- [ RunTime:0.000339s ]

[ 2014-11-12T23:35:28+08:00 ] 175.8.228.16 /Public/image/recommended_img.png?w=257&h=76
INFO: [ route_check ] --START--
INFO: CheckRoute Behavior ::run [ RunTime:0.000471s ]
INFO: [ route_check ] --END-- [ RunTime:0.000553s ]
INFO: [ app_begin ] --START--
INFO: ReadHtmlCache Behavior ::run [ RunTime:0.000288s ]
INFO: [ app_begin ] --END-- [ RunTime:0.000342s ]

[ 2014-11-12T23:35:28+08:00 ] 175.8.228.16 /Upload/images/2014_10/28/544f58ba3998c.jpg?h=82&w=82
INFO: [ route_check ] --START--
INFO: CheckRoute Behavior ::run [ RunTime:0.000451s ]
INFO: [ route_check ] --END-- [ RunTime:0.000524s ]
INFO: [ app_begin ] --START--
INFO: ReadHtmlCache Behavior ::run [ RunTime:0.000302s ]
INFO: [ app_begin ] --END-- [ RunTime:0.000363s ]

[ 2014-11-12T23:35:28+08:00 ] 175.8.228.16 /Upload/images/2014_10/28/544f58e5def66.gif?h=82&w=82
INFO: [ route_check ] --START--
INFO: CheckRoute Behavior ::run [ RunTime:0.000446s ]
INFO: [ route_check ] --END-- [ RunTime:0.000559s ]
INFO: [ app_begin ] --START--
INFO: ReadHtmlCache Behavior ::run [ RunTime:0.000285s ]
INFO: [ app_begin ] --END-- [ RunTime:0.000345s ]

[ 2014-11-12T23:35:28+08:00 ] 175.8.228.16 /Upload/images/2014_10/28/544f58ee0fdd9.jpg?h=82&w=82
INFO: [ route_check ] --START--
INFO: CheckRoute Behavior ::run [ RunTime:0.000449s ]
INFO: [ route_check ] --END-- [ RunTime:0.000517s ]
INFO: [ app_begin ] --START--
INFO: ReadHtmlCache Behavior ::run [ RunTime:0.000290s ]
INFO: [ app_begin ] --END-- [ RunTime:0.000344s ]

[ 2014-11-12T23:35:29+08:00 ] 175.8.228.16 /Public/image/erweima.png
INFO: [ route_check ] --START--
INFO: CheckRoute Behavior ::run [ RunTime:0.000449s ]
INFO: [ route_check ] --END-- [ RunTime:0.000520s ]
INFO: [ app_begin ] --START--
INFO: ReadHtmlCache Behavior ::run [ RunTime:0.000298s ]
INFO: [ app_begin ] --END-- [ RunTime:0.000353s ]

